<?xml version="1.0" encoding="UTF-8"?>
<coverage generated="1698746359950" clover="3.2.0">
  <project timestamp="1698746359951" name="All files">
    <metrics statements="9" coveredstatements="7" conditionals="5" coveredconditionals="4" methods="3" coveredmethods="2" elements="17" coveredelements="13" complexity="0" loc="9" ncloc="9" packages="1" files="1" classes="1"/>
    <file name="sum.js" path="C:\ProgrammingStuffYear2\AnxietyAlly\anxietyallyrepo\frontend\test-for-unit-tests\sum.js">
      <metrics statements="9" coveredstatements="7" conditionals="5" coveredconditionals="4" methods="3" coveredmethods="2"/>
      <line num="1" count="1" type="stmt"/>
      <line num="2" count="2" type="cond" truecount="4" falsecount="1"/>
      <line num="3" count="2" type="stmt"/>
      <line num="5" count="0" type="stmt"/>
      <line num="8" count="1" type="stmt"/>
      <line num="9" count="1" type="stmt"/>
      <line num="12" count="1" type="stmt"/>
      <line num="13" count="0" type="stmt"/>
      <line num="16" count="1" type="stmt"/>
    </file>
  </project>
</coverage>
